  [1m[36mSQL (0.2ms)[0m  [1m SELECT name
 FROM sqlite_master
 WHERE type = 'table' AND NOT name = 'sqlite_sequence'
[0m
  [1m[35mSQL (0.1ms)[0m  select sqlite_version(*)
  [1m[36mSQL (0.7ms)[0m  [1mCREATE TABLE "schema_migrations" ("version" varchar(255) NOT NULL) [0m
  [1m[35mSQL (0.0ms)[0m  PRAGMA index_list("schema_migrations")
  [1m[36mSQL (0.5ms)[0m  [1mCREATE UNIQUE INDEX "unique_schema_migrations" ON "schema_migrations" ("version")[0m
  [1m[35mSQL (0.1ms)[0m   SELECT name
 FROM sqlite_master
 WHERE type = 'table' AND NOT name = 'sqlite_sequence'
  [1m[36mSQL (0.1ms)[0m  [1m SELECT name
 FROM sqlite_master
 WHERE type = 'table' AND NOT name = 'sqlite_sequence'
[0m
  [1m[35mSQL (0.1ms)[0m  SELECT "schema_migrations"."version" FROM "schema_migrations"
Migrating to CreateUsers (20110124034948)
  [1m[36mSQL (0.3ms)[0m  [1mCREATE TABLE "users" ("id" INTEGER PRIMARY KEY AUTOINCREMENT NOT NULL, "email" varchar(255), "password_hash" varchar(255), "password_salt" varchar(255), "created_at" datetime, "updated_at" datetime) [0m
  [1m[35mSQL (0.1ms)[0m  INSERT INTO "schema_migrations" ("version") VALUES ('20110124034948')
  [1m[36mSQL (0.2ms)[0m  [1m SELECT name
 FROM sqlite_master
 WHERE type = 'table' AND NOT name = 'sqlite_sequence'
[0m
  [1m[35mSQL (0.1ms)[0m  SELECT "schema_migrations"."version" FROM "schema_migrations"
  [1m[36mSQL (0.1ms)[0m  [1m SELECT name
 FROM sqlite_master
 WHERE type = 'table' AND NOT name = 'sqlite_sequence'
[0m
  [1m[35mSQL (0.0ms)[0m  PRAGMA index_list("users")


Started GET "/" for 127.0.0.1 at 2012-07-18 16:32:14 +0200
  Processing by UsersController#new as HTML
Rendered users/new.html.erb within layouts/application (44.9ms)
Completed 200 OK in 57ms (Views: 48.1ms | ActiveRecord: 0.0ms)


Started GET "/sign_up" for 127.0.0.1 at 2012-07-18 16:32:20 +0200
  Processing by UsersController#new as HTML
Rendered users/new.html.erb within layouts/application (7.2ms)
Completed 200 OK in 17ms (Views: 9.8ms | ActiveRecord: 0.0ms)


Started GET "/log_in" for 127.0.0.1 at 2012-07-18 16:32:23 +0200
  Processing by SessionsController#new as HTML
Rendered sessions/new.html.erb within layouts/application (2.5ms)
Completed 200 OK in 6ms (Views: 5.4ms | ActiveRecord: 0.0ms)


Started GET "/sign_up" for 127.0.0.1 at 2012-07-18 16:32:24 +0200
  Processing by UsersController#new as HTML
Rendered users/new.html.erb within layouts/application (6.6ms)
Completed 200 OK in 17ms (Views: 9.2ms | ActiveRecord: 0.0ms)


Started POST "/users" for 127.0.0.1 at 2012-07-18 16:32:32 +0200
  Processing by UsersController#create as HTML
  Parameters: {"utf8"=>"✓", "authenticity_token"=>"42CYniK+oaMbddNvGSawz1fwGff9v86W+SPAop7mbg0=", "user"=>{"email"=>"nicolas@wearecloud.com", "password"=>"[FILTERED]", "password_confirmation"=>"[FILTERED]"}, "commit"=>"Create User"}
  [1m[36mSQL (0.2ms)[0m  [1m SELECT name
 FROM sqlite_master
 WHERE type = 'table' AND NOT name = 'sqlite_sequence'
[0m
  [1m[35mUser Load (0.1ms)[0m  SELECT "users"."id" FROM "users" WHERE ("users"."email" = 'nicolas@wearecloud.com') LIMIT 1
  [1m[36mAREL (0.3ms)[0m  [1mINSERT INTO "users" ("email", "password_hash", "password_salt", "created_at", "updated_at") VALUES ('nicolas@wearecloud.com', '$2a$10$zDR.nAx6FkCLl8j6CbGVGeI13SmWMcQ2oapZmkTymgQQiXXLxzCom', '$2a$10$zDR.nAx6FkCLl8j6CbGVGe', '2012-07-18 14:32:32.307105', '2012-07-18 14:32:32.307105')[0m
Redirected to http://0.0.0.0:3000/
Completed 302 Found in 153ms


Started GET "/" for 127.0.0.1 at 2012-07-18 16:32:32 +0200
  Processing by UsersController#new as HTML
Rendered users/new.html.erb within layouts/application (7.2ms)
Completed 200 OK in 18ms (Views: 10.0ms | ActiveRecord: 0.5ms)


Started GET "/log_in" for 127.0.0.1 at 2012-07-18 16:32:37 +0200
  Processing by SessionsController#new as HTML
Rendered sessions/new.html.erb within layouts/application (2.5ms)
Completed 200 OK in 5ms (Views: 5.1ms | ActiveRecord: 0.0ms)


Started POST "/sessions" for 127.0.0.1 at 2012-07-18 16:32:46 +0200
  Processing by SessionsController#create as HTML
  Parameters: {"utf8"=>"✓", "authenticity_token"=>"42CYniK+oaMbddNvGSawz1fwGff9v86W+SPAop7mbg0=", "email"=>"nicolas@wearecloud.com", "password"=>"[FILTERED]", "commit"=>"Log in"}
  [1m[35mUser Load (0.2ms)[0m  SELECT "users".* FROM "users" WHERE ("users"."email" = 'nicolas@wearecloud.com') LIMIT 1
Redirected to http://0.0.0.0:3000/
Completed 302 Found in 109ms


Started GET "/" for 127.0.0.1 at 2012-07-18 16:32:46 +0200
  Processing by UsersController#new as HTML
  [1m[36mUser Load (0.1ms)[0m  [1mSELECT "users".* FROM "users" WHERE ("users"."id" = 1) LIMIT 1[0m
Rendered users/new.html.erb within layouts/application (9.8ms)
Completed 200 OK in 20ms (Views: 12.3ms | ActiveRecord: 0.3ms)


Started GET "/log_out" for 127.0.0.1 at 2012-07-18 16:33:09 +0200
  Processing by SessionsController#destroy as HTML
Redirected to http://0.0.0.0:3000/
Completed 302 Found in 0ms


Started GET "/" for 127.0.0.1 at 2012-07-18 16:33:09 +0200
  Processing by UsersController#new as HTML
Rendered users/new.html.erb within layouts/application (24.4ms)
Completed 200 OK in 35ms (Views: 27.1ms | ActiveRecord: 0.0ms)


Started GET "/log_in" for 127.0.0.1 at 2012-07-18 16:33:11 +0200
  Processing by SessionsController#new as HTML
Rendered sessions/new.html.erb within layouts/application (2.5ms)
Completed 200 OK in 5ms (Views: 5.1ms | ActiveRecord: 0.0ms)


Started POST "/sessions" for 127.0.0.1 at 2012-07-18 16:33:18 +0200
  Processing by SessionsController#create as HTML
  Parameters: {"utf8"=>"✓", "authenticity_token"=>"42CYniK+oaMbddNvGSawz1fwGff9v86W+SPAop7mbg0=", "email"=>"nicolas@wearecloud.com", "password"=>"[FILTERED]", "commit"=>"Log in"}
  [1m[35mUser Load (0.1ms)[0m  SELECT "users".* FROM "users" WHERE ("users"."email" = 'nicolas@wearecloud.com') LIMIT 1
Redirected to http://0.0.0.0:3000/
Completed 302 Found in 91ms


Started GET "/" for 127.0.0.1 at 2012-07-18 16:33:18 +0200
  Processing by UsersController#new as HTML
  [1m[36mUser Load (0.1ms)[0m  [1mSELECT "users".* FROM "users" WHERE ("users"."id" = 1) LIMIT 1[0m
Rendered users/new.html.erb within layouts/application (10.0ms)
Completed 200 OK in 38ms (Views: 12.6ms | ActiveRecord: 0.3ms)


Started GET "/" for 127.0.0.1 at 2012-07-18 16:53:45 +0200
  Processing by UsersController#new as HTML
  [1m[35mUser Load (0.1ms)[0m  SELECT "users".* FROM "users" WHERE ("users"."id" = 1) LIMIT 1
Rendered users/new.html.erb within layouts/application (10.6ms)
Completed 200 OK in 21ms (Views: 13.0ms | ActiveRecord: 0.1ms)


Started GET "/log_out" for 127.0.0.1 at 2012-07-18 16:53:47 +0200
  Processing by SessionsController#destroy as HTML
Redirected to http://0.0.0.0:3000/
Completed 302 Found in 1ms


Started GET "/" for 127.0.0.1 at 2012-07-18 16:53:47 +0200
  Processing by UsersController#new as HTML
Rendered users/new.html.erb within layouts/application (6.7ms)
Completed 200 OK in 17ms (Views: 9.3ms | ActiveRecord: 0.0ms)


Started GET "/" for 127.0.0.1 at 2012-07-18 16:54:10 +0200
  Processing by UsersController#new as HTML
Rendered users/new.html.erb within layouts/application (24.2ms)
Completed 200 OK in 34ms (Views: 26.8ms | ActiveRecord: 0.0ms)


Started GET "/log_in" for 127.0.0.1 at 2012-07-18 16:54:17 +0200
  Processing by SessionsController#new as HTML
Rendered sessions/new.html.erb within layouts/application (2.4ms)
Completed 200 OK in 5ms (Views: 4.9ms | ActiveRecord: 0.0ms)


Started GET "/sign_up" for 127.0.0.1 at 2012-07-18 16:54:19 +0200
  Processing by UsersController#new as HTML
Rendered users/new.html.erb within layouts/application (6.8ms)
Completed 200 OK in 17ms (Views: 9.7ms | ActiveRecord: 0.0ms)


Started GET "/log_in" for 127.0.0.1 at 2012-07-18 16:54:19 +0200
  Processing by SessionsController#new as HTML
Rendered sessions/new.html.erb within layouts/application (2.5ms)
Completed 200 OK in 6ms (Views: 5.3ms | ActiveRecord: 0.0ms)


Started GET "/sign_up" for 127.0.0.1 at 2012-07-18 16:54:20 +0200
  Processing by UsersController#new as HTML
Rendered users/new.html.erb within layouts/application (6.7ms)
Completed 200 OK in 17ms (Views: 9.3ms | ActiveRecord: 0.0ms)


Started GET "/" for 127.0.0.1 at 2012-07-18 16:54:24 +0200
  Processing by UsersController#new as HTML
Rendered users/new.html.erb within layouts/application (24.3ms)
Completed 200 OK in 35ms (Views: 27.0ms | ActiveRecord: 0.0ms)


Started GET "/" for 127.0.0.1 at 2012-07-18 17:31:21 +0200
  Processing by UsersController#new as HTML
Rendered users/new.html.erb within layouts/application (12.2ms)
Completed 200 OK in 29ms (Views: 15.4ms | ActiveRecord: 0.0ms)


Started GET "/log_in" for 127.0.0.1 at 2012-07-18 17:31:24 +0200
  Processing by SessionsController#new as HTML
Rendered sessions/new.html.erb within layouts/application (2.7ms)
Completed 200 OK in 6ms (Views: 5.5ms | ActiveRecord: 0.0ms)


Started POST "/sessions" for 127.0.0.1 at 2012-07-18 17:31:29 +0200
  Processing by SessionsController#create as HTML
  Parameters: {"utf8"=>"✓", "authenticity_token"=>"7n1Ytxo1Aj0oGp58o8xzwM8z9NfE+mQgOrVbF5g5VKw=", "email"=>"nicolas@wearecloud.com", "password"=>"[FILTERED]", "commit"=>"Log in"}
  [1m[36mUser Load (0.1ms)[0m  [1mSELECT "users".* FROM "users" WHERE ("users"."email" = 'nicolas@wearecloud.com') LIMIT 1[0m
Redirected to http://localhost:3000/
Completed 302 Found in 90ms


Started GET "/" for 127.0.0.1 at 2012-07-18 17:31:29 +0200
  Processing by UsersController#new as HTML
  [1m[35mUser Load (0.2ms)[0m  SELECT "users".* FROM "users" WHERE ("users"."id" = 1) LIMIT 1
Rendered users/new.html.erb within layouts/application (26.5ms)
Completed 200 OK in 36ms (Views: 29.0ms | ActiveRecord: 0.3ms)


Started GET "/" for 127.0.0.1 at 2012-07-18 17:31:32 +0200
  Processing by UsersController#new as HTML
  [1m[36mUser Load (0.1ms)[0m  [1mSELECT "users".* FROM "users" WHERE ("users"."id" = 1) LIMIT 1[0m
Rendered users/new.html.erb within layouts/application (9.7ms)
Completed 200 OK in 20ms (Views: 12.2ms | ActiveRecord: 0.1ms)


Started GET "/" for 127.0.0.1 at 2012-07-18 18:20:59 +0200
  Processing by UsersController#new as HTML
  [1m[36mSQL (0.2ms)[0m  [1m SELECT name
 FROM sqlite_master
 WHERE type = 'table' AND NOT name = 'sqlite_sequence'
[0m
  [1m[35mUser Load (0.1ms)[0m  SELECT "users".* FROM "users" WHERE ("users"."id" = 1) LIMIT 1
Rendered users/new.html.erb within layouts/application (93.6ms)
Completed 200 OK in 106ms (Views: 96.6ms | ActiveRecord: 0.3ms)


Started GET "/log_out" for 127.0.0.1 at 2012-07-18 18:21:03 +0200
  Processing by SessionsController#destroy as HTML
Redirected to http://localhost:3000/
Completed 302 Found in 0ms


Started GET "/" for 127.0.0.1 at 2012-07-18 18:21:03 +0200
  Processing by UsersController#new as HTML
Rendered users/new.html.erb within layouts/application (6.5ms)
Completed 200 OK in 17ms (Views: 9.1ms | ActiveRecord: 0.0ms)


Started GET "/log_in" for 127.0.0.1 at 2012-07-18 18:21:16 +0200
  Processing by SessionsController#new as HTML
Rendered sessions/new.html.erb within layouts/application (2.6ms)
Completed 200 OK in 7ms (Views: 6.8ms | ActiveRecord: 0.0ms)


Started POST "/sessions" for 127.0.0.1 at 2012-07-18 18:21:21 +0200
  Processing by SessionsController#create as HTML
  Parameters: {"utf8"=>"✓", "authenticity_token"=>"7n1Ytxo1Aj0oGp58o8xzwM8z9NfE+mQgOrVbF5g5VKw=", "email"=>"nicolas@wearecloud.com", "password"=>"[FILTERED]", "commit"=>"Log in"}
  [1m[36mUser Load (0.2ms)[0m  [1mSELECT "users".* FROM "users" WHERE ("users"."email" = 'nicolas@wearecloud.com') LIMIT 1[0m
Redirected to http://localhost:3000/
Completed 302 Found in 107ms


Started GET "/" for 127.0.0.1 at 2012-07-18 18:21:21 +0200
  Processing by UsersController#new as HTML
  [1m[35mUser Load (0.1ms)[0m  SELECT "users".* FROM "users" WHERE ("users"."id" = 1) LIMIT 1
Rendered users/new.html.erb within layouts/application (9.6ms)
Completed 200 OK in 20ms (Views: 12.1ms | ActiveRecord: 0.3ms)


Started GET "/" for 127.0.0.1 at 2012-07-18 18:21:58 +0200
  Processing by UsersController#new as HTML
  [1m[36mSQL (0.2ms)[0m  [1m SELECT name
 FROM sqlite_master
 WHERE type = 'table' AND NOT name = 'sqlite_sequence'
[0m
  [1m[35mUser Load (0.1ms)[0m  SELECT "users".* FROM "users" WHERE ("users"."id" = 1) LIMIT 1
Rendered users/new.html.erb within layouts/application (85.8ms)
Completed 200 OK in 97ms (Views: 88.2ms | ActiveRecord: 0.3ms)


Started GET "/log_out" for 127.0.0.1 at 2012-07-18 18:22:00 +0200
  Processing by SessionsController#destroy as HTML
Redirected to http://localhost:3000/
Completed 302 Found in 0ms


Started GET "/" for 127.0.0.1 at 2012-07-18 18:22:00 +0200
  Processing by UsersController#new as HTML
Rendered users/new.html.erb within layouts/application (6.9ms)
Completed 200 OK in 18ms (Views: 9.6ms | ActiveRecord: 0.0ms)


Started GET "/" for 127.0.0.1 at 2012-07-20 15:41:11 +0200
  Processing by UsersController#new as HTML
Rendered users/new.html.erb within layouts/application (44.7ms)
Completed 200 OK in 57ms (Views: 48.7ms | ActiveRecord: 0.0ms)


Started GET "/log_in" for 127.0.0.1 at 2012-07-20 15:42:00 +0200
  Processing by SessionsController#new as HTML
Rendered sessions/new.html.erb within layouts/application (2.8ms)
Completed 200 OK in 9ms (Views: 8.3ms | ActiveRecord: 0.0ms)


Started GET "/log_in" for 127.0.0.1 at 2012-07-20 15:43:54 +0200
  Processing by SessionsController#new as HTML
Rendered sessions/new.html.erb within layouts/application (2.6ms)
Completed 200 OK in 5ms (Views: 5.2ms | ActiveRecord: 0.0ms)


Started POST "/sessions" for 127.0.0.1 at 2012-07-20 15:44:02 +0200
  Processing by SessionsController#create as HTML
  Parameters: {"utf8"=>"✓", "authenticity_token"=>"7n1Ytxo1Aj0oGp58o8xzwM8z9NfE+mQgOrVbF5g5VKw=", "email"=>"nicolas@wearecloud.com", "password"=>"[FILTERED]", "commit"=>"Log in"}
  [1m[36mSQL (0.2ms)[0m  [1m SELECT name
 FROM sqlite_master
 WHERE type = 'table' AND NOT name = 'sqlite_sequence'
[0m
  [1m[35mUser Load (0.4ms)[0m  SELECT "users".* FROM "users" WHERE ("users"."email" = 'nicolas@wearecloud.com') LIMIT 1
Redirected to http://localhost:3000/
Completed 302 Found in 150ms


Started GET "/" for 127.0.0.1 at 2012-07-20 15:44:02 +0200
  Processing by UsersController#new as HTML
  [1m[36mUser Load (0.1ms)[0m  [1mSELECT "users".* FROM "users" WHERE ("users"."id" = 1) LIMIT 1[0m
Rendered users/new.html.erb within layouts/application (9.7ms)
Completed 200 OK in 19ms (Views: 12.0ms | ActiveRecord: 0.8ms)


Started GET "/log_out" for 127.0.0.1 at 2012-07-20 15:52:07 +0200
  Processing by SessionsController#destroy as HTML
Redirected to http://localhost:3000/
Completed 302 Found in 1ms


Started GET "/" for 127.0.0.1 at 2012-07-20 15:52:07 +0200
  Processing by UsersController#new as HTML
Rendered users/new.html.erb within layouts/application (44.4ms)
Completed 200 OK in 56ms (Views: 47.3ms | ActiveRecord: 0.0ms)


Started GET "/log_in" for 127.0.0.1 at 2012-07-20 15:52:10 +0200
  Processing by SessionsController#new as HTML
Rendered sessions/new.html.erb within layouts/application (2.5ms)
Completed 200 OK in 6ms (Views: 5.3ms | ActiveRecord: 0.0ms)


Started POST "/sessions" for 127.0.0.1 at 2012-07-20 15:52:17 +0200
  Processing by SessionsController#create as HTML
  Parameters: {"utf8"=>"✓", "authenticity_token"=>"7n1Ytxo1Aj0oGp58o8xzwM8z9NfE+mQgOrVbF5g5VKw=", "email"=>"nicolas@wearecloud.com", "password"=>"[FILTERED]", "commit"=>"Log in"}
  [1m[36mSQL (0.2ms)[0m  [1m SELECT name
 FROM sqlite_master
 WHERE type = 'table' AND NOT name = 'sqlite_sequence'
[0m
  [1m[35mUser Load (0.2ms)[0m  SELECT "users".* FROM "users" WHERE ("users"."email" = 'nicolas@wearecloud.com') LIMIT 1
Redirected to http://localhost:3000/
Completed 302 Found in 130ms


Started GET "/" for 127.0.0.1 at 2012-07-20 15:52:17 +0200
  Processing by UsersController#new as HTML
  [1m[36mUser Load (0.2ms)[0m  [1mSELECT "users".* FROM "users" WHERE ("users"."id" = 1) LIMIT 1[0m
Rendered users/new.html.erb within layouts/application (9.8ms)
Completed 200 OK in 20ms (Views: 12.4ms | ActiveRecord: 0.5ms)


Started GET "/log_out" for 127.0.0.1 at 2012-07-20 15:53:00 +0200
  Processing by SessionsController#destroy as HTML
Redirected to http://localhost:3000/
Completed 302 Found in 0ms


Started GET "/" for 127.0.0.1 at 2012-07-20 15:53:00 +0200
  Processing by UsersController#new as HTML
Rendered users/new.html.erb within layouts/application (24.9ms)
Completed 200 OK in 35ms (Views: 27.5ms | ActiveRecord: 0.0ms)


Started GET "/log_in" for 127.0.0.1 at 2012-07-20 15:53:02 +0200
  Processing by SessionsController#new as HTML
Rendered sessions/new.html.erb within layouts/application (2.5ms)
Completed 200 OK in 5ms (Views: 4.9ms | ActiveRecord: 0.0ms)


Started POST "/sessions" for 127.0.0.1 at 2012-07-20 15:53:07 +0200
  Processing by SessionsController#create as HTML
  Parameters: {"utf8"=>"✓", "authenticity_token"=>"7n1Ytxo1Aj0oGp58o8xzwM8z9NfE+mQgOrVbF5g5VKw=", "email"=>"nicolas@wearecloud.com", "password"=>"[FILTERED]", "commit"=>"Log in"}
  [1m[35mUser Load (0.1ms)[0m  SELECT "users".* FROM "users" WHERE ("users"."email" = 'nicolas@wearecloud.com') LIMIT 1
Completed   in 90ms

NameError (undefined local variable or method `dashboards' for #<SessionsController:0x00000100ec19d0>):
  app/controllers/sessions_controller.rb:9:in `create'

Rendered /Users/nicolasraspal/.rvm/gems/ruby-1.9.2-p180/gems/actionpack-3.0.3/lib/action_dispatch/middleware/templates/rescues/_trace.erb (0.8ms)
Rendered /Users/nicolasraspal/.rvm/gems/ruby-1.9.2-p180/gems/actionpack-3.0.3/lib/action_dispatch/middleware/templates/rescues/_request_and_response.erb (19.3ms)
Rendered /Users/nicolasraspal/.rvm/gems/ruby-1.9.2-p180/gems/actionpack-3.0.3/lib/action_dispatch/middleware/templates/rescues/diagnostics.erb within rescues/layout (23.5ms)


Started POST "/sessions" for 127.0.0.1 at 2012-07-20 15:53:34 +0200
  Processing by SessionsController#create as HTML
  Parameters: {"utf8"=>"✓", "authenticity_token"=>"7n1Ytxo1Aj0oGp58o8xzwM8z9NfE+mQgOrVbF5g5VKw=", "email"=>"nicolas@wearecloud.com", "password"=>"[FILTERED]", "commit"=>"Log in"}
  [1m[36mUser Load (0.1ms)[0m  [1mSELECT "users".* FROM "users" WHERE ("users"."email" = 'nicolas@wearecloud.com') LIMIT 1[0m
Rendered sessions/new.html.erb within layouts/application (2.6ms)
Completed 200 OK in 110ms (Views: 5.4ms | ActiveRecord: 0.2ms)


Started POST "/sessions" for 127.0.0.1 at 2012-07-20 15:53:41 +0200
  Processing by SessionsController#create as HTML
  Parameters: {"utf8"=>"✓", "authenticity_token"=>"7n1Ytxo1Aj0oGp58o8xzwM8z9NfE+mQgOrVbF5g5VKw=", "email"=>"nicolas@wearecloud.com", "password"=>"[FILTERED]", "commit"=>"Log in"}
  [1m[35mUser Load (0.1ms)[0m  SELECT "users".* FROM "users" WHERE ("users"."email" = 'nicolas@wearecloud.com') LIMIT 1
Completed   in 91ms

NameError (undefined local variable or method `dashboard' for #<SessionsController:0x000001028f7ca0>):
  app/controllers/sessions_controller.rb:9:in `create'

Rendered /Users/nicolasraspal/.rvm/gems/ruby-1.9.2-p180/gems/actionpack-3.0.3/lib/action_dispatch/middleware/templates/rescues/_trace.erb (0.8ms)
Rendered /Users/nicolasraspal/.rvm/gems/ruby-1.9.2-p180/gems/actionpack-3.0.3/lib/action_dispatch/middleware/templates/rescues/_request_and_response.erb (2.7ms)
Rendered /Users/nicolasraspal/.rvm/gems/ruby-1.9.2-p180/gems/actionpack-3.0.3/lib/action_dispatch/middleware/templates/rescues/diagnostics.erb within rescues/layout (5.9ms)


Started GET "/sessions" for 127.0.0.1 at 2012-07-20 15:55:47 +0200

AbstractController::ActionNotFound (The action 'index' could not be found for SessionsController):
  

Rendered /Users/nicolasraspal/.rvm/gems/ruby-1.9.2-p180/gems/actionpack-3.0.3/lib/action_dispatch/middleware/templates/rescues/unknown_action.erb within rescues/layout (0.6ms)


Started POST "/sessions" for 127.0.0.1 at 2012-07-20 15:55:56 +0200
  Processing by SessionsController#create as HTML
  Parameters: {"utf8"=>"✓", "authenticity_token"=>"7n1Ytxo1Aj0oGp58o8xzwM8z9NfE+mQgOrVbF5g5VKw=", "email"=>"nicolas@wearecloud.com", "password"=>"[FILTERED]", "commit"=>"Log in"}
  [1m[36mUser Load (0.1ms)[0m  [1mSELECT "users".* FROM "users" WHERE ("users"."email" = 'nicolas@wearecloud.com') LIMIT 1[0m
Redirected to 
Completed   in 91ms

NoMethodError (undefined method `dashboard_url_url' for #<SessionsController:0x00000102a8b788>):
  app/controllers/sessions_controller.rb:9:in `create'

Rendered /Users/nicolasraspal/.rvm/gems/ruby-1.9.2-p180/gems/actionpack-3.0.3/lib/action_dispatch/middleware/templates/rescues/_trace.erb (0.8ms)
Rendered /Users/nicolasraspal/.rvm/gems/ruby-1.9.2-p180/gems/actionpack-3.0.3/lib/action_dispatch/middleware/templates/rescues/_request_and_response.erb (2.8ms)
Rendered /Users/nicolasraspal/.rvm/gems/ruby-1.9.2-p180/gems/actionpack-3.0.3/lib/action_dispatch/middleware/templates/rescues/diagnostics.erb within rescues/layout (6.2ms)


Started POST "/sessions" for 127.0.0.1 at 2012-07-20 15:56:15 +0200
  Processing by SessionsController#create as HTML
  Parameters: {"utf8"=>"✓", "authenticity_token"=>"7n1Ytxo1Aj0oGp58o8xzwM8z9NfE+mQgOrVbF5g5VKw=", "email"=>"nicolas@wearecloud.com", "password"=>"[FILTERED]", "commit"=>"Log in"}
  [1m[35mUser Load (0.2ms)[0m  SELECT "users".* FROM "users" WHERE ("users"."email" = 'nicolas@wearecloud.com') LIMIT 1
Redirected to 
Completed   in 108ms

NoMethodError (undefined method `dashboards_url_url' for #<SessionsController:0x00000100d28948>):
  app/controllers/sessions_controller.rb:9:in `create'

Rendered /Users/nicolasraspal/.rvm/gems/ruby-1.9.2-p180/gems/actionpack-3.0.3/lib/action_dispatch/middleware/templates/rescues/_trace.erb (0.8ms)
Rendered /Users/nicolasraspal/.rvm/gems/ruby-1.9.2-p180/gems/actionpack-3.0.3/lib/action_dispatch/middleware/templates/rescues/_request_and_response.erb (2.6ms)
Rendered /Users/nicolasraspal/.rvm/gems/ruby-1.9.2-p180/gems/actionpack-3.0.3/lib/action_dispatch/middleware/templates/rescues/diagnostics.erb within rescues/layout (5.8ms)


Started POST "/sessions" for 127.0.0.1 at 2012-07-20 15:56:26 +0200
  Processing by SessionsController#create as HTML
  Parameters: {"utf8"=>"✓", "authenticity_token"=>"7n1Ytxo1Aj0oGp58o8xzwM8z9NfE+mQgOrVbF5g5VKw=", "email"=>"nicolas@wearecloud.com", "password"=>"[FILTERED]", "commit"=>"Log in"}
  [1m[36mUser Load (0.1ms)[0m  [1mSELECT "users".* FROM "users" WHERE ("users"."email" = 'nicolas@wearecloud.com') LIMIT 1[0m
Rendered sessions/new.html.erb within layouts/application (2.6ms)
Completed 200 OK in 97ms (Views: 5.5ms | ActiveRecord: 0.4ms)


Started POST "/sessions" for 127.0.0.1 at 2012-07-20 15:56:29 +0200
  Processing by SessionsController#create as HTML
  Parameters: {"utf8"=>"✓", "authenticity_token"=>"7n1Ytxo1Aj0oGp58o8xzwM8z9NfE+mQgOrVbF5g5VKw=", "email"=>"nicolas@wearecloud.com", "password"=>"[FILTERED]", "commit"=>"Log in"}
  [1m[35mUser Load (0.1ms)[0m  SELECT "users".* FROM "users" WHERE ("users"."email" = 'nicolas@wearecloud.com') LIMIT 1
Redirected to 
Completed   in 92ms

NoMethodError (undefined method `dashboards_url' for #<SessionsController:0x00000100840890>):
  app/controllers/sessions_controller.rb:9:in `create'

Rendered /Users/nicolasraspal/.rvm/gems/ruby-1.9.2-p180/gems/actionpack-3.0.3/lib/action_dispatch/middleware/templates/rescues/_trace.erb (0.8ms)
Rendered /Users/nicolasraspal/.rvm/gems/ruby-1.9.2-p180/gems/actionpack-3.0.3/lib/action_dispatch/middleware/templates/rescues/_request_and_response.erb (2.6ms)
Rendered /Users/nicolasraspal/.rvm/gems/ruby-1.9.2-p180/gems/actionpack-3.0.3/lib/action_dispatch/middleware/templates/rescues/diagnostics.erb within rescues/layout (6.0ms)


Started POST "/sessions" for 127.0.0.1 at 2012-07-20 15:56:44 +0200
  Processing by SessionsController#create as HTML
  Parameters: {"utf8"=>"✓", "authenticity_token"=>"7n1Ytxo1Aj0oGp58o8xzwM8z9NfE+mQgOrVbF5g5VKw=", "email"=>"nicolas@wearecloud.com", "password"=>"[FILTERED]", "commit"=>"Log in"}
  [1m[36mUser Load (0.1ms)[0m  [1mSELECT "users".* FROM "users" WHERE ("users"."email" = 'nicolas@wearecloud.com') LIMIT 1[0m
Redirected to http://localhost:3000/dashboard
Completed 302 Found in 107ms


Started GET "/dashboard" for 127.0.0.1 at 2012-07-20 15:56:44 +0200

ActionController::RoutingError (uninitialized constant DashboardController):
  

Rendered /Users/nicolasraspal/.rvm/gems/ruby-1.9.2-p180/gems/actionpack-3.0.3/lib/action_dispatch/middleware/templates/rescues/routing_error.erb within rescues/layout (0.7ms)


Started GET "/dashboard" for 127.0.0.1 at 2012-07-20 15:57:20 +0200

ActionController::RoutingError (uninitialized constant DashboardController):
  

Rendered /Users/nicolasraspal/.rvm/gems/ruby-1.9.2-p180/gems/actionpack-3.0.3/lib/action_dispatch/middleware/templates/rescues/routing_error.erb within rescues/layout (0.6ms)


Started GET "/dashboard" for 127.0.0.1 at 2012-07-20 15:57:41 +0200

ActionController::RoutingError (uninitialized constant DashboardController):
  

Rendered /Users/nicolasraspal/.rvm/gems/ruby-1.9.2-p180/gems/actionpack-3.0.3/lib/action_dispatch/middleware/templates/rescues/routing_error.erb within rescues/layout (0.8ms)


Started GET "/dashboard" for 127.0.0.1 at 2012-07-20 15:58:03 +0200
  Processing by DashboardController#index as HTML
Completed   in 12ms

ActionView::MissingTemplate (Missing template dashboard/index with {:handlers=>[:erb, :rjs, :builder, :rhtml, :rxml], :formats=>[:html], :locale=>[:en, :en]} in view paths "/Users/nicolasraspal/Documents/dev/demo-bime-api/app/views"):
  

Rendered /Users/nicolasraspal/.rvm/gems/ruby-1.9.2-p180/gems/actionpack-3.0.3/lib/action_dispatch/middleware/templates/rescues/missing_template.erb within rescues/layout (0.5ms)


Started GET "/dashboards" for 127.0.0.1 at 2012-07-20 15:58:37 +0200
  Processing by DashboardsController#index as HTML
  [1m[35mUser Load (0.1ms)[0m  SELECT "users".* FROM "users" WHERE ("users"."id" = 1) LIMIT 1
Rendered dashboards/index.html within layouts/application (16.0ms)
Completed 200 OK in 19ms (Views: 19.1ms | ActiveRecord: 0.1ms)


Started GET "/log_out" for 127.0.0.1 at 2012-07-20 15:58:44 +0200
  Processing by SessionsController#destroy as HTML
Redirected to http://localhost:3000/
Completed 302 Found in 0ms


Started GET "/" for 127.0.0.1 at 2012-07-20 15:58:44 +0200
  Processing by UsersController#new as HTML
Rendered users/new.html.erb within layouts/application (6.8ms)
Completed 200 OK in 17ms (Views: 9.4ms | ActiveRecord: 0.0ms)


Started GET "/log_in" for 127.0.0.1 at 2012-07-20 15:58:46 +0200
  Processing by SessionsController#new as HTML
Rendered sessions/new.html.erb within layouts/application (2.4ms)
Completed 200 OK in 5ms (Views: 4.9ms | ActiveRecord: 0.0ms)


Started POST "/sessions" for 127.0.0.1 at 2012-07-20 15:58:53 +0200
  Processing by SessionsController#create as HTML
  Parameters: {"utf8"=>"✓", "authenticity_token"=>"7n1Ytxo1Aj0oGp58o8xzwM8z9NfE+mQgOrVbF5g5VKw=", "email"=>"nicolas@wearecloud.com", "password"=>"[FILTERED]", "commit"=>"Log in"}
  [1m[36mUser Load (0.2ms)[0m  [1mSELECT "users".* FROM "users" WHERE ("users"."email" = 'nicolas@wearecloud.com') LIMIT 1[0m
Redirected to 
Completed   in 108ms

NoMethodError (undefined method `dashboards_url' for #<SessionsController:0x00000100d8e680>):
  app/controllers/sessions_controller.rb:9:in `create'

Rendered /Users/nicolasraspal/.rvm/gems/ruby-1.9.2-p180/gems/actionpack-3.0.3/lib/action_dispatch/middleware/templates/rescues/_trace.erb (0.8ms)
Rendered /Users/nicolasraspal/.rvm/gems/ruby-1.9.2-p180/gems/actionpack-3.0.3/lib/action_dispatch/middleware/templates/rescues/_request_and_response.erb (2.6ms)
Rendered /Users/nicolasraspal/.rvm/gems/ruby-1.9.2-p180/gems/actionpack-3.0.3/lib/action_dispatch/middleware/templates/rescues/diagnostics.erb within rescues/layout (5.7ms)


Started POST "/sessions" for 127.0.0.1 at 2012-07-20 15:59:16 +0200
  Processing by SessionsController#create as HTML
  Parameters: {"utf8"=>"✓", "authenticity_token"=>"7n1Ytxo1Aj0oGp58o8xzwM8z9NfE+mQgOrVbF5g5VKw=", "email"=>"nicolas@wearecloud.com", "password"=>"[FILTERED]", "commit"=>"Log in"}
  [1m[36mSQL (0.2ms)[0m  [1m SELECT name
 FROM sqlite_master
 WHERE type = 'table' AND NOT name = 'sqlite_sequence'
[0m
  [1m[35mUser Load (0.2ms)[0m  SELECT "users".* FROM "users" WHERE ("users"."email" = 'nicolas@wearecloud.com') LIMIT 1
Redirected to 
Completed   in 148ms

NoMethodError (undefined method `dashboards_url' for #<SessionsController:0x000001048fc488>):
  app/controllers/sessions_controller.rb:9:in `create'

Rendered /Users/nicolasraspal/.rvm/gems/ruby-1.9.2-p180/gems/actionpack-3.0.3/lib/action_dispatch/middleware/templates/rescues/_trace.erb (0.9ms)
Rendered /Users/nicolasraspal/.rvm/gems/ruby-1.9.2-p180/gems/actionpack-3.0.3/lib/action_dispatch/middleware/templates/rescues/_request_and_response.erb (2.7ms)
Rendered /Users/nicolasraspal/.rvm/gems/ruby-1.9.2-p180/gems/actionpack-3.0.3/lib/action_dispatch/middleware/templates/rescues/diagnostics.erb within rescues/layout (6.1ms)


Started POST "/sessions" for 127.0.0.1 at 2012-07-20 15:59:34 +0200
  Processing by SessionsController#create as HTML
  Parameters: {"utf8"=>"✓", "authenticity_token"=>"7n1Ytxo1Aj0oGp58o8xzwM8z9NfE+mQgOrVbF5g5VKw=", "email"=>"nicolas@wearecloud.com", "password"=>"[FILTERED]", "commit"=>"Log in"}
  [1m[36mSQL (0.2ms)[0m  [1m SELECT name
 FROM sqlite_master
 WHERE type = 'table' AND NOT name = 'sqlite_sequence'
[0m
  [1m[35mUser Load (0.2ms)[0m  SELECT "users".* FROM "users" WHERE ("users"."email" = 'nicolas@wearecloud.com') LIMIT 1
Redirected to http://localhost:3000/dashboards
Completed 302 Found in 146ms


Started GET "/dashboards" for 127.0.0.1 at 2012-07-20 15:59:34 +0200
  Processing by DashboardsController#index as HTML
  [1m[36mUser Load (0.1ms)[0m  [1mSELECT "users".* FROM "users" WHERE ("users"."id" = 1) LIMIT 1[0m
Rendered dashboards/index.html within layouts/application (16.3ms)
Completed 200 OK in 19ms (Views: 18.7ms | ActiveRecord: 0.6ms)


Started GET "/" for 127.0.0.1 at 2012-07-23 11:47:08 +0200
  Processing by UsersController#new as HTML
Rendered users/new.html.erb within layouts/application (44.4ms)
Completed 200 OK in 57ms (Views: 48.2ms | ActiveRecord: 0.0ms)


Started GET "/log_in" for 127.0.0.1 at 2012-07-23 11:47:11 +0200
  Processing by SessionsController#new as HTML
Rendered sessions/new.html.erb within layouts/application (2.6ms)
Completed 200 OK in 6ms (Views: 5.9ms | ActiveRecord: 0.0ms)


Started POST "/sessions" for 127.0.0.1 at 2012-07-23 11:47:16 +0200
  Processing by SessionsController#create as HTML
  Parameters: {"utf8"=>"✓", "authenticity_token"=>"tFyh/AEnOzOf9IpX3wM8ER9dV+prvUBXBuskTaIy5bE=", "email"=>"nicolas@wearecloud.com", "password"=>"[FILTERED]", "commit"=>"Log in"}
  [1m[36mSQL (0.2ms)[0m  [1m SELECT name
 FROM sqlite_master
 WHERE type = 'table' AND NOT name = 'sqlite_sequence'
[0m
  [1m[35mUser Load (0.6ms)[0m  SELECT "users".* FROM "users" WHERE ("users"."email" = 'nicolas@wearecloud.com') LIMIT 1
Redirected to http://localhost:3000/dashboards
Completed 302 Found in 152ms


Started GET "/dashboards" for 127.0.0.1 at 2012-07-23 11:47:16 +0200
  Processing by DashboardsController#index as HTML
  [1m[36mUser Load (0.1ms)[0m  [1mSELECT "users".* FROM "users" WHERE ("users"."id" = 1) LIMIT 1[0m
Rendered dashboards/index.html within layouts/application (16.0ms)
Completed 200 OK in 20ms (Views: 19.3ms | ActiveRecord: 0.9ms)


Started GET "/log_out" for 127.0.0.1 at 2012-07-23 11:47:19 +0200
  Processing by SessionsController#destroy as HTML
Redirected to http://localhost:3000/
Completed 302 Found in 1ms


Started GET "/" for 127.0.0.1 at 2012-07-23 11:47:19 +0200
  Processing by UsersController#new as HTML
Rendered users/new.html.erb within layouts/application (6.8ms)
Completed 200 OK in 17ms (Views: 9.5ms | ActiveRecord: 0.0ms)


Started GET "/" for 127.0.0.1 at 2012-07-23 11:58:48 +0200
  Processing by UsersController#new as HTML
Rendered users/new.html.erb within layouts/application (6.6ms)
Completed 200 OK in 16ms (Views: 9.1ms | ActiveRecord: 0.0ms)


Started GET "/log_in" for 127.0.0.1 at 2012-07-23 12:01:41 +0200
  Processing by SessionsController#new as HTML
Rendered sessions/new.html.erb within layouts/application (2.5ms)
Completed 200 OK in 5ms (Views: 5.2ms | ActiveRecord: 0.0ms)


Started POST "/sessions" for 127.0.0.1 at 2012-07-23 12:18:19 +0200
  Processing by SessionsController#create as HTML
  Parameters: {"utf8"=>"✓", "authenticity_token"=>"tFyh/AEnOzOf9IpX3wM8ER9dV+prvUBXBuskTaIy5bE=", "email"=>"nicolas@wearecloud.com", "password"=>"[FILTERED]", "commit"=>"Log in"}
  [1m[35mUser Load (0.1ms)[0m  SELECT "users".* FROM "users" WHERE ("users"."email" = 'nicolas@wearecloud.com') LIMIT 1
Redirected to http://localhost:3000/dashboards
Completed 302 Found in 89ms


Started GET "/dashboards" for 127.0.0.1 at 2012-07-23 12:18:19 +0200
  Processing by DashboardsController#index as HTML
Completed   in 1434ms

OAuth2::Error ( ):
  app/controllers/dashboards_controller.rb:9:in `index'

Rendered /Users/nicolasraspal/.rvm/gems/ruby-1.9.2-p180/gems/actionpack-3.0.3/lib/action_dispatch/middleware/templates/rescues/_trace.erb (0.8ms)
Rendered /Users/nicolasraspal/.rvm/gems/ruby-1.9.2-p180/gems/actionpack-3.0.3/lib/action_dispatch/middleware/templates/rescues/_request_and_response.erb (2.2ms)
Rendered /Users/nicolasraspal/.rvm/gems/ruby-1.9.2-p180/gems/actionpack-3.0.3/lib/action_dispatch/middleware/templates/rescues/diagnostics.erb within rescues/layout (6.4ms)


Started GET "/dashboards" for 127.0.0.1 at 2012-07-23 12:19:07 +0200
  Processing by DashboardsController#index as HTML
  [1m[36mUser Load (0.1ms)[0m  [1mSELECT "users".* FROM "users" WHERE ("users"."id" = 1) LIMIT 1[0m
Rendered dashboards/index.html within layouts/application (31.5ms)
Completed 200 OK in 36ms (Views: 34.1ms | ActiveRecord: 0.1ms)


Started GET "/dashboards" for 127.0.0.1 at 2012-07-23 12:19:57 +0200
  Processing by DashboardsController#index as HTML
  [1m[35mUser Load (0.1ms)[0m  SELECT "users".* FROM "users" WHERE ("users"."id" = 1) LIMIT 1
Rendered dashboards/index.html within layouts/application (16.5ms)
Completed 200 OK in 20ms (Views: 18.8ms | ActiveRecord: 0.1ms)


Started GET "/" for 127.0.0.1 at 2012-07-23 12:20:32 +0200
  Processing by UsersController#new as HTML
  [1m[36mUser Load (0.1ms)[0m  [1mSELECT "users".* FROM "users" WHERE ("users"."id" = 1) LIMIT 1[0m
Rendered users/new.html.erb within layouts/application (9.2ms)
Completed 200 OK in 19ms (Views: 11.8ms | ActiveRecord: 0.1ms)


Started GET "/dashboards" for 127.0.0.1 at 2012-07-23 12:20:39 +0200
  Processing by DashboardsController#index as HTML
  [1m[35mUser Load (0.1ms)[0m  SELECT "users".* FROM "users" WHERE ("users"."id" = 1) LIMIT 1
Rendered dashboards/index.html within layouts/application (33.1ms)
Completed 200 OK in 37ms (Views: 35.7ms | ActiveRecord: 0.1ms)


Started GET "/dashboards" for 127.0.0.1 at 2012-07-23 12:20:45 +0200
  Processing by DashboardsController#index as HTML
  [1m[36mUser Load (0.1ms)[0m  [1mSELECT "users".* FROM "users" WHERE ("users"."id" = 1) LIMIT 1[0m
Rendered dashboards/index.html within layouts/application (15.9ms)
Completed 200 OK in 20ms (Views: 18.4ms | ActiveRecord: 0.1ms)


Started GET "/dashboards" for 127.0.0.1 at 2012-07-23 12:20:54 +0200
  Processing by DashboardsController#index as HTML
  [1m[35mUser Load (0.1ms)[0m  SELECT "users".* FROM "users" WHERE ("users"."id" = 1) LIMIT 1
Rendered dashboards/index.html within layouts/application (33.4ms)
Completed 200 OK in 37ms (Views: 35.9ms | ActiveRecord: 0.1ms)


Started GET "/dashboards" for 127.0.0.1 at 2012-07-23 12:21:13 +0200
  Processing by DashboardsController#index as HTML
Completed   in 1170ms

OAuth2::Error ( ):
  app/controllers/dashboards_controller.rb:9:in `index'

Rendered /Users/nicolasraspal/.rvm/gems/ruby-1.9.2-p180/gems/actionpack-3.0.3/lib/action_dispatch/middleware/templates/rescues/_trace.erb (0.8ms)
Rendered /Users/nicolasraspal/.rvm/gems/ruby-1.9.2-p180/gems/actionpack-3.0.3/lib/action_dispatch/middleware/templates/rescues/_request_and_response.erb (1.8ms)
Rendered /Users/nicolasraspal/.rvm/gems/ruby-1.9.2-p180/gems/actionpack-3.0.3/lib/action_dispatch/middleware/templates/rescues/diagnostics.erb within rescues/layout (4.9ms)


Started GET "/dashboards" for 127.0.0.1 at 2012-07-23 12:21:22 +0200
  Processing by DashboardsController#index as HTML
Completed   in 1018ms

OAuth2::Error ( ):
  app/controllers/dashboards_controller.rb:9:in `index'

Rendered /Users/nicolasraspal/.rvm/gems/ruby-1.9.2-p180/gems/actionpack-3.0.3/lib/action_dispatch/middleware/templates/rescues/_trace.erb (0.8ms)
Rendered /Users/nicolasraspal/.rvm/gems/ruby-1.9.2-p180/gems/actionpack-3.0.3/lib/action_dispatch/middleware/templates/rescues/_request_and_response.erb (1.9ms)
Rendered /Users/nicolasraspal/.rvm/gems/ruby-1.9.2-p180/gems/actionpack-3.0.3/lib/action_dispatch/middleware/templates/rescues/diagnostics.erb within rescues/layout (5.2ms)


Started GET "/" for 127.0.0.1 at 2012-07-23 15:48:12 +0200
  Processing by UsersController#new as HTML
  [1m[36mUser Load (0.6ms)[0m  [1mSELECT "users".* FROM "users" WHERE ("users"."id" = 1) LIMIT 1[0m
Rendered users/new.html.erb within layouts/application (21.3ms)
Completed 200 OK in 36ms (Views: 24.7ms | ActiveRecord: 0.6ms)


Started GET "/dashboard" for 127.0.0.1 at 2012-07-23 15:48:19 +0200

ActionController::RoutingError (No route matches "/dashboard"):
  

Rendered /Users/nicolasraspal/.rvm/gems/ruby-1.9.2-p180/gems/actionpack-3.0.3/lib/action_dispatch/middleware/templates/rescues/routing_error.erb within rescues/layout (0.9ms)


Started GET "/dashboards" for 127.0.0.1 at 2012-07-23 15:48:23 +0200
  Processing by DashboardsController#index as HTML
Completed   in 6ms

NoMethodError (undefined method `web_server' for #<OAuth2::Client:0x00000100b8f078>):
  app/controllers/dashboards_controller.rb:6:in `index'

Rendered /Users/nicolasraspal/.rvm/gems/ruby-1.9.2-p180/gems/actionpack-3.0.3/lib/action_dispatch/middleware/templates/rescues/_trace.erb (2.7ms)
Rendered /Users/nicolasraspal/.rvm/gems/ruby-1.9.2-p180/gems/actionpack-3.0.3/lib/action_dispatch/middleware/templates/rescues/_request_and_response.erb (7.8ms)
Rendered /Users/nicolasraspal/.rvm/gems/ruby-1.9.2-p180/gems/actionpack-3.0.3/lib/action_dispatch/middleware/templates/rescues/diagnostics.erb within rescues/layout (16.5ms)


Started GET "/" for 127.0.0.1 at 2012-07-23 15:49:00 +0200
  Processing by UsersController#new as HTML
  [1m[35mUser Load (0.2ms)[0m  SELECT "users".* FROM "users" WHERE ("users"."id" = 1) LIMIT 1
Rendered users/new.html.erb within layouts/application (13.3ms)
Completed 200 OK in 24ms (Views: 15.7ms | ActiveRecord: 0.2ms)


Started GET "/dashboards" for 127.0.0.1 at 2012-07-23 15:49:02 +0200
  Processing by DashboardsController#index as HTML
Redirected to https://bigquery.paperboyapp.com/oauth/authorize
Completed 302 Found in 3ms


Started GET "/" for 127.0.0.1 at 2012-07-23 15:49:39 +0200
  Processing by UsersController#new as HTML
  [1m[36mUser Load (0.6ms)[0m  [1mSELECT "users".* FROM "users" WHERE ("users"."id" = 1) LIMIT 1[0m
Rendered users/new.html.erb within layouts/application (31.4ms)
Completed 200 OK in 46ms (Views: 33.3ms | ActiveRecord: 0.6ms)


Started GET "/dashboards" for 127.0.0.1 at 2012-07-23 15:49:40 +0200
  Processing by DashboardsController#index as HTML
Redirected to https://bigquery.paperboyapp.com/oauth/authorize
Completed 302 Found in 1ms


Started GET "/" for 127.0.0.1 at 2012-07-23 15:59:22 +0200
  Processing by UsersController#new as HTML
  [1m[35mUser Load (0.6ms)[0m  SELECT "users".* FROM "users" WHERE ("users"."id" = 1) LIMIT 1
Rendered users/new.html.erb within layouts/application (13.4ms)
Completed 200 OK in 28ms (Views: 16.2ms | ActiveRecord: 0.6ms)


Started GET "/dashboards" for 127.0.0.1 at 2012-07-23 15:59:23 +0200
  Processing by DashboardsController#index as HTML
Redirected to https://bigquery.paperboyapp.com/oauth/authorize
Completed 302 Found in 1ms


Started GET "/dashboards" for 127.0.0.1 at 2012-07-23 16:04:04 +0200
  Processing by DashboardsController#index as HTML
Redirected to https://api.paperboyapp.com/oauth/authorize
Completed 302 Found in 1ms


Started GET "/dashboards" for 127.0.0.1 at 2012-07-23 16:04:22 +0200
  Processing by DashboardsController#index as HTML
Redirected to https://api.paperboyapp.com/oauth/authorize
Completed 302 Found in 1ms


Started GET "/dashboards" for 127.0.0.1 at 2012-07-23 16:16:39 +0200
  Processing by DashboardsController#index as HTML
Redirected to https://bigquery.paperboyapp.com/oauth/authorize
Completed 302 Found in 1ms


Started GET "/" for 127.0.0.1 at 2012-07-23 16:18:38 +0200
  Processing by UsersController#new as HTML
  [1m[36mUser Load (0.5ms)[0m  [1mSELECT "users".* FROM "users" WHERE ("users"."id" = 1) LIMIT 1[0m
Rendered users/new.html.erb within layouts/application (11.3ms)
Completed 200 OK in 50ms (Views: 13.7ms | ActiveRecord: 0.5ms)


Started GET "/dashboards" for 127.0.0.1 at 2012-07-23 16:18:39 +0200
  Processing by DashboardsController#index as HTML
Redirected to https://bigquery.paperboyapp.com/oauth/authorize
Completed 302 Found in 1ms


Started GET "/" for 127.0.0.1 at 2012-07-23 16:19:13 +0200
  Processing by UsersController#new as HTML
Rendered users/new.html.erb within layouts/application (7.7ms)
Completed 200 OK in 18ms (Views: 10.3ms | ActiveRecord: 0.0ms)


Started GET "/log_in" for 127.0.0.1 at 2012-07-23 16:19:15 +0200
  Processing by SessionsController#new as HTML
Rendered sessions/new.html.erb within layouts/application (2.5ms)
Completed 200 OK in 6ms (Views: 6.2ms | ActiveRecord: 0.0ms)


Started POST "/sessions" for 127.0.0.1 at 2012-07-23 16:19:24 +0200
  Processing by SessionsController#create as HTML
  Parameters: {"utf8"=>"✓", "authenticity_token"=>"4oLSlp+giIDiSq+09jMJsHE51OpNbHuQ/42hWDE9uiU=", "email"=>"nicolas@wearecloud.com", "password"=>"[FILTERED]", "commit"=>"Log in"}
  [1m[35mUser Load (0.2ms)[0m  SELECT "users".* FROM "users" WHERE ("users"."email" = 'nicolas@wearecloud.com') LIMIT 1
Redirected to http://localhost:3000/dashboards
Completed 302 Found in 109ms


Started GET "/dashboards" for 127.0.0.1 at 2012-07-23 16:19:24 +0200
  Processing by DashboardsController#index as HTML
Redirected to https://bigquery.paperboyapp.com/oauth/authorize
Completed 302 Found in 1ms


Started GET "/dashboards" for 127.0.0.1 at 2012-07-23 16:20:51 +0200
  Processing by DashboardsController#index as HTML
Redirected to https://bigquery.paperboyapp.com/oauth/authorize
Completed 302 Found in 1ms


Started GET "/dashboards" for 127.0.0.1 at 2012-07-23 16:23:55 +0200
  Processing by DashboardsController#index as HTML
Redirected to https://bigquery.paperboyapp.com/oauth/authorize?response_type=code&client_id=lhiA3Fc2MNIK0mLXmorm&redirect_uri=http%3A%2F%2Flocalhost%3A3000%2Fdashboards%2Fcallback
Completed 302 Found in 1ms


Started GET "/dashboards" for 127.0.0.1 at 2012-07-23 16:25:07 +0200
  Processing by DashboardsController#index as HTML
Redirected to https://bigquery.paperboyapp.com/oauth/authorize?response_type=code&client_id=lhiA3Fc2MNIK0mLXmorm&redirect_uri=http%3A%2F%2Flocalhost%3A3000%2Fdashboards%2Fcallback
Completed 302 Found in 1ms


Started GET "/dashboards" for 127.0.0.1 at 2012-07-23 16:26:03 +0200
  Processing by DashboardsController#index as HTML
Redirected to https://bigquery.paperboyapp.com/oauth/authorize?response_type=code&client_id=lhiA3Fc2MNIK0mLXmorm&redirect_uri=http%3A%2F%2Flocalhost%3A3000%2Fdashboards%2Fcallback
Completed 302 Found in 1ms


Started GET "/dashboards/callback" for 127.0.0.1 at 2012-07-23 16:26:27 +0200

ActionController::RoutingError (No route matches "/dashboards/callback"):
  

Rendered /Users/nicolasraspal/.rvm/gems/ruby-1.9.2-p180/gems/actionpack-3.0.3/lib/action_dispatch/middleware/templates/rescues/routing_error.erb within rescues/layout (19.4ms)


Started GET "/dashboards/callback" for 127.0.0.1 at 2012-07-23 16:26:35 +0200

ActionController::RoutingError (No route matches "/dashboards/callback"):
  

Rendered /Users/nicolasraspal/.rvm/gems/ruby-1.9.2-p180/gems/actionpack-3.0.3/lib/action_dispatch/middleware/templates/rescues/routing_error.erb within rescues/layout (0.7ms)


Started GET "/dashboards/callback" for 127.0.0.1 at 2012-07-23 16:28:26 +0200
  Processing by DashboardsController#callback as HTML
Completed   in 12ms

ActionView::MissingTemplate (Missing template dashboards/callback with {:handlers=>[:erb, :rjs, :builder, :rhtml, :rxml], :formats=>[:html], :locale=>[:en, :en]} in view paths "/Users/nicolasraspal/Documents/dev/demo-bime-api/app/views"):
  

Rendered /Users/nicolasraspal/.rvm/gems/ruby-1.9.2-p180/gems/actionpack-3.0.3/lib/action_dispatch/middleware/templates/rescues/missing_template.erb within rescues/layout (0.6ms)


Started GET "/dashboards" for 127.0.0.1 at 2012-07-23 16:28:32 +0200
  Processing by DashboardsController#index as HTML
Redirected to https://bigquery.paperboyapp.com/oauth/authorize?response_type=code&client_id=lhiA3Fc2MNIK0mLXmorm&redirect_uri=http%3A%2F%2Flocalhost%3A3000%2Fdashboards%2Fcallback
Completed 302 Found in 33ms


Started GET "/dashboards" for 127.0.0.1 at 2012-07-23 16:39:51 +0200
  Processing by DashboardsController#index as HTML
Redirected to https://bigquery.paperboyapp.com/oauth/authorize?response_type=code&client_id=lhiA3Fc2MNIK0mLXmorm&redirect_uri=http%3A%2F%2Flocalhost%3A3000%2Fdashboards%2Fcallback
Completed 302 Found in 1ms
